[2019/10/25 13:12:16] [info] binlogsyncer.go:147 create BinlogSyncer with config {1851 mysql 192.168.56.20 3306 aaa     utf8 false false <nil> true UTC true 0 1m0s 1m30s 0 false false 0}
[2019/10/25 13:12:16] [info] binlog.go:376 server version: 5.5.64-MariaDB
[2019/10/25 13:12:16] [info] binlogsyncer.go:364 begin to sync binlog from position (mysql-bin.000004, 5148)
[2019/10/25 13:12:16] [info] binlogsyncer.go:302 [info] register as slave success
[2019/10/25 13:12:16] [info] sync.go:25 start sync binlog at binlog file (mysql-bin.000004, 5148)
[2019/10/25 13:12:16] [info] binlogsyncer.go:778 rotate to (mysql-bin.000004, 5148)
[2019/10/25 13:12:16] [info] sync.go:73 received fake rotate event, next log name is mysql-bin.000004
[2019/10/25 13:13:16] [info] uploader.go:206 [info] shard[0]: okNum=0, badNum=0, pendding=0
[2019/10/25 13:13:16] [info] uploader.go:206 [info] shard[1]: okNum=0, badNum=0, pendding=0
[2019/10/25 13:13:58] [info] binlogsyncer.go:147 create BinlogSyncer with config {1775 mysql 192.168.56.20 3306 aaa     utf8 false false <nil> true UTC true 0 1m0s 1m30s 0 false false 0}
[2019/10/25 13:13:58] [info] binlog.go:376 server version: 5.5.64-MariaDB
[2019/10/25 13:13:58] [info] binlogsyncer.go:364 begin to sync binlog from position (mysql-bin.000004, 5365)
[2019/10/25 13:13:58] [info] binlogsyncer.go:302 [info] register as slave success
[2019/10/25 13:13:58] [info] sync.go:25 start sync binlog at binlog file (mysql-bin.000004, 5365)
[2019/10/25 13:13:58] [info] binlogsyncer.go:778 rotate to (mysql-bin.000004, 5365)
[2019/10/25 13:13:58] [info] sync.go:73 received fake rotate event, next log name is mysql-bin.000004
[2019/10/25 13:14:09] [info] handler.go:235 *** products,_host_=192.168.56.20:3306,_collector_host_=wuqinchaodeMacBook-Air.local,_db_=test,_table_=products,_event_=update,name=cc price=2.2,count=2i 1571980449322727000
[2019/10/25 13:15:42] [info] binlogsyncer.go:147 create BinlogSyncer with config {1937 mysql 192.168.56.20 3306 aaa     utf8 false false <nil> true UTC true 0 1m0s 1m30s 0 false false 0}
[2019/10/25 13:15:42] [info] binlog.go:376 server version: 5.5.64-MariaDB
[2019/10/25 13:15:42] [info] uploader.go:154 start uploader shards ...
[2019/10/25 13:15:42] [info] binlogsyncer.go:364 begin to sync binlog from position (mysql-bin.000004, 5582)
[2019/10/25 13:15:42] [info] binlogsyncer.go:302 [info] register as slave success
[2019/10/25 13:15:42] [info] sync.go:25 start sync binlog at binlog file (mysql-bin.000004, 5582)
[2019/10/25 13:15:42] [info] binlogsyncer.go:778 rotate to (mysql-bin.000004, 5582)
[2019/10/25 13:15:42] [info] sync.go:73 received fake rotate event, next log name is mysql-bin.000004
[2019/10/25 13:15:53] [info] handler.go:235 *** products,_host_=192.168.56.20:3306,_collector_host_=wuqinchaodeMacBook-Air.local,_db_=test,_table_=products,_event_=update,name=cc price=2.3,count=2i 1571980553150607000
[2019/10/25 13:16:42] [info] uploader.go:206 [info] shard[1]: okNum=0, badNum=0, pendding=0
[2019/10/25 13:16:42] [info] uploader.go:206 [info] shard[0]: okNum=0, badNum=0, pendding=0
[2019/10/25 13:18:16] [info] binlogsyncer.go:147 create BinlogSyncer with config {1389 mysql 192.168.56.20 3306 aaa     utf8 false false <nil> true UTC true 0 1m0s 1m30s 0 false false 0}
[2019/10/25 13:18:16] [info] binlog.go:376 server version: 5.5.64-MariaDB
[2019/10/25 13:18:16] [info] uploader.go:154 start uploader shards ...
[2019/10/25 13:18:16] [info] binlogsyncer.go:364 begin to sync binlog from position (mysql-bin.000004, 5799)
[2019/10/25 13:18:16] [info] binlogsyncer.go:302 [info] register as slave success
[2019/10/25 13:18:16] [info] sync.go:25 start sync binlog at binlog file (mysql-bin.000004, 5799)
[2019/10/25 13:18:16] [info] binlogsyncer.go:778 rotate to (mysql-bin.000004, 5799)
[2019/10/25 13:18:16] [info] sync.go:73 received fake rotate event, next log name is mysql-bin.000004
[2019/10/25 13:18:21] [info] handler.go:235 *** products,_host_=192.168.56.20:3306,_collector_host_=wuqinchaodeMacBook-Air.local,_db_=test,_table_=products,_event_=update,name=cc price=2.4,count=2i 1571980701417719000
[2019/10/25 13:19:16] [info] uploader.go:206 [info] shard[1]: okNum=0, badNum=0, pendding=0
[2019/10/25 13:19:16] [info] uploader.go:206 [info] shard[0]: okNum=0, badNum=0, pendding=0
[2019/10/25 13:20:16] [info] uploader.go:206 [info] shard[0]: okNum=0, badNum=0, pendding=0
[2019/10/25 13:20:16] [info] uploader.go:206 [info] shard[1]: okNum=0, badNum=0, pendding=0
[2019/10/25 13:22:44] [info] binlogsyncer.go:147 create BinlogSyncer with config {1010 mysql 192.168.56.20 3306 aaa     utf8 false false <nil> true UTC true 0 1m0s 1m30s 0 false false 0}
[2019/10/25 13:22:44] [info] binlog.go:378 server version: 5.5.64-MariaDB
[2019/10/25 13:22:44] [info] uploader.go:154 start uploader shards ...
[2019/10/25 13:22:44] [info] binlogsyncer.go:364 begin to sync binlog from position (mysql-bin.000004, 6016)
[2019/10/25 13:22:44] [info] binlogsyncer.go:302 [info] register as slave success
[2019/10/25 13:22:44] [info] sync.go:25 start sync binlog at binlog file (mysql-bin.000004, 6016)
[2019/10/25 13:22:44] [info] binlogsyncer.go:778 rotate to (mysql-bin.000004, 6016)
[2019/10/25 13:22:44] [info] sync.go:73 received fake rotate event, next log name is mysql-bin.000004
[2019/10/25 13:22:54] [info] handler.go:235 *** products,_host_=192.168.56.20:3306,_collector_host_=wuqinchaodeMacBook-Air.local,_db_=test,_table_=products,_event_=update,name=cc price=2.5,count=2i 1571980974294037000
[2019/10/25 13:22:54] [info] uploader.go:259 enqueue ok
[2019/10/25 13:23:44] [info] uploader.go:206 [info] shard[1]: okNum=0, badNum=0, pendding=0
[2019/10/25 13:23:44] [info] uploader.go:206 [info] shard[0]: okNum=1, badNum=0, pendding=0
[2019/10/25 13:24:44] [info] uploader.go:206 [info] shard[0]: okNum=1, badNum=0, pendding=0
[2019/10/25 13:24:44] [info] uploader.go:206 [info] shard[1]: okNum=0, badNum=0, pendding=0
[2019/10/25 13:26:13] [info] binlogsyncer.go:147 create BinlogSyncer with config {1923 mysql 192.168.56.20 3306 aaa     utf8 false false <nil> true UTC true 0 1m0s 1m30s 0 false false 0}
[2019/10/25 13:26:13] [info] binlog.go:378 server version: 5.5.64-MariaDB
[2019/10/25 13:26:13] [info] uploader.go:158 start uploader shards ...
[2019/10/25 13:26:13] [info] binlogsyncer.go:364 begin to sync binlog from position (mysql-bin.000004, 6233)
[2019/10/25 13:26:13] [info] binlogsyncer.go:302 [info] register as slave success
[2019/10/25 13:26:13] [info] sync.go:25 start sync binlog at binlog file (mysql-bin.000004, 6233)
[2019/10/25 13:26:13] [info] binlogsyncer.go:778 rotate to (mysql-bin.000004, 6233)
[2019/10/25 13:26:13] [info] sync.go:73 received fake rotate event, next log name is mysql-bin.000004
[2019/10/25 13:26:21] [info] handler.go:235 *** products,_host_=192.168.56.20:3306,_collector_host_=wuqinchaodeMacBook-Air.local,_db_=test,_table_=products,_event_=update,name=cc price=2.6,count=2i 1571981181734554000
[2019/10/25 13:26:21] [info] uploader.go:263 enqueue ok
[2019/10/25 13:26:23] [info] uploader.go:63 start SendData
[2019/10/25 13:26:23] [info] uploader.go:89 status code=200
[2019/10/25 13:28:10] [info] binlogsyncer.go:147 create BinlogSyncer with config {1710 mysql 192.168.56.20 3306 aaa     utf8 false false <nil> true UTC true 0 1m0s 1m30s 0 false false 0}
[2019/10/25 13:28:10] [info] binlog.go:378 server version: 5.5.64-MariaDB
[2019/10/25 13:28:10] [info] uploader.go:158 start uploader shards ...
[2019/10/25 13:28:10] [info] binlogsyncer.go:364 begin to sync binlog from position (mysql-bin.000004, 6450)
[2019/10/25 13:28:10] [info] binlogsyncer.go:302 [info] register as slave success
[2019/10/25 13:28:10] [info] sync.go:25 start sync binlog at binlog file (mysql-bin.000004, 6450)
[2019/10/25 13:28:10] [info] binlogsyncer.go:778 rotate to (mysql-bin.000004, 6450)
[2019/10/25 13:28:10] [info] sync.go:73 received fake rotate event, next log name is mysql-bin.000004
[2019/10/25 13:29:13] [info] binlogsyncer.go:147 create BinlogSyncer with config {1348 mysql 192.168.56.20 3306 aaa     utf8 false false <nil> true UTC true 0 1m0s 1m30s 0 false false 0}
[2019/10/25 13:29:13] [info] binlog.go:378 server version: 5.5.64-MariaDB
[2019/10/25 13:29:13] [info] uploader.go:158 start uploader shards ...
[2019/10/25 13:29:13] [info] binlogsyncer.go:364 begin to sync binlog from position (mysql-bin.000004, 6450)
[2019/10/25 13:29:13] [info] binlogsyncer.go:302 [info] register as slave success
[2019/10/25 13:29:13] [info] sync.go:25 start sync binlog at binlog file (mysql-bin.000004, 6450)
[2019/10/25 13:29:13] [info] binlogsyncer.go:778 rotate to (mysql-bin.000004, 6450)
[2019/10/25 13:29:13] [info] sync.go:73 received fake rotate event, next log name is mysql-bin.000004
[2019/10/25 13:39:39] [info] binlogsyncer.go:147 create BinlogSyncer with config {1959 mysql 192.168.56.20 3306 aaa     utf8 false false <nil> true UTC true 0 1m0s 1m30s 0 false false 0}
[2019/10/25 13:39:39] [info] binlog.go:378 server version: 5.5.64-MariaDB
[2019/10/25 13:39:39] [info] uploader.go:158 start uploader shards ...
[2019/10/25 13:39:39] [info] binlogsyncer.go:364 begin to sync binlog from position (mysql-bin.000004, 6450)
[2019/10/25 13:39:39] [info] binlogsyncer.go:302 [info] register as slave success
[2019/10/25 13:39:39] [info] sync.go:25 start sync binlog at binlog file (mysql-bin.000004, 6450)
[2019/10/25 13:39:39] [info] binlogsyncer.go:778 rotate to (mysql-bin.000004, 6450)
[2019/10/25 13:39:39] [info] sync.go:73 received fake rotate event, next log name is mysql-bin.000004
[2019/10/25 13:40:22] [info] binlogsyncer.go:147 create BinlogSyncer with config {1289 mysql 192.168.56.20 3306 aaa     utf8 false false <nil> true UTC true 0 1m0s 1m30s 0 false false 0}
[2019/10/25 13:40:22] [info] binlog.go:378 server version: 5.5.64-MariaDB
[2019/10/25 13:40:22] [info] uploader.go:158 start uploader shards ...
[2019/10/25 13:40:22] [info] binlogsyncer.go:364 begin to sync binlog from position (mysql-bin.000004, 6450)
[2019/10/25 13:40:22] [info] binlogsyncer.go:302 [info] register as slave success
[2019/10/25 13:40:22] [info] sync.go:25 start sync binlog at binlog file (mysql-bin.000004, 6450)
[2019/10/25 13:40:22] [info] binlogsyncer.go:778 rotate to (mysql-bin.000004, 6450)
[2019/10/25 13:40:22] [info] sync.go:73 received fake rotate event, next log name is mysql-bin.000004
[2019/10/25 13:41:51] [info] binlogsyncer.go:147 create BinlogSyncer with config {1968 mysql 192.168.56.20 3306 aaa     utf8 false false <nil> true UTC true 0 1m0s 1m30s 0 false false 0}
[2019/10/25 13:41:51] [info] binlog.go:378 server version: 5.5.64-MariaDB
[2019/10/25 13:41:51] [info] uploader.go:158 start uploader shards ...
[2019/10/25 13:41:51] [info] binlogsyncer.go:364 begin to sync binlog from position (mysql-bin.000004, 6450)
[2019/10/25 13:41:51] [info] binlogsyncer.go:302 [info] register as slave success
[2019/10/25 13:41:51] [info] sync.go:25 start sync binlog at binlog file (mysql-bin.000004, 6450)
[2019/10/25 13:41:51] [info] binlogsyncer.go:778 rotate to (mysql-bin.000004, 6450)
[2019/10/25 13:41:51] [info] sync.go:73 received fake rotate event, next log name is mysql-bin.000004
[2019/10/25 13:42:23] [info] binlogsyncer.go:147 create BinlogSyncer with config {1070 mysql 192.168.56.20 3306 aaa     utf8 false false <nil> true UTC true 0 1m0s 1m30s 0 false false 0}
[2019/10/25 13:42:23] [info] binlog.go:378 server version: 5.5.64-MariaDB
[2019/10/25 13:42:23] [info] uploader.go:158 start uploader shards ...
[2019/10/25 13:42:23] [info] binlogsyncer.go:364 begin to sync binlog from position (mysql-bin.000004, 6450)
[2019/10/25 13:42:23] [info] binlogsyncer.go:302 [info] register as slave success
[2019/10/25 13:42:23] [info] sync.go:25 start sync binlog at binlog file (mysql-bin.000004, 6450)
[2019/10/25 13:42:23] [info] binlogsyncer.go:778 rotate to (mysql-bin.000004, 6450)
[2019/10/25 13:42:23] [info] sync.go:73 received fake rotate event, next log name is mysql-bin.000004
[2019/10/25 13:43:24] [info] binlogsyncer.go:147 create BinlogSyncer with config {1749 mysql 192.168.56.20 3306 aaa     utf8 false false <nil> true UTC true 0 1m0s 1m30s 0 false false 0}
[2019/10/25 13:43:24] [info] binlog.go:378 server version: 5.5.64-MariaDB
[2019/10/25 13:43:24] [info] uploader.go:158 start uploader shards ...
[2019/10/25 13:43:24] [info] binlogsyncer.go:364 begin to sync binlog from position (mysql-bin.000004, 6450)
[2019/10/25 13:43:24] [info] binlogsyncer.go:302 [info] register as slave success
[2019/10/25 13:43:24] [info] sync.go:25 start sync binlog at binlog file (mysql-bin.000004, 6450)
[2019/10/25 13:43:24] [info] binlogsyncer.go:778 rotate to (mysql-bin.000004, 6450)
[2019/10/25 13:43:24] [info] sync.go:73 received fake rotate event, next log name is mysql-bin.000004
[2019/10/25 13:44:27] [info] binlogsyncer.go:147 create BinlogSyncer with config {1804 mysql 192.168.56.20 3306 aaa     utf8 false false <nil> true UTC true 0 1m0s 1m30s 0 false false 0}
[2019/10/25 13:44:27] [info] binlog.go:378 server version: 5.5.64-MariaDB
[2019/10/25 13:44:27] [info] uploader.go:158 start uploader shards ...
[2019/10/25 13:44:27] [info] binlogsyncer.go:364 begin to sync binlog from position (mysql-bin.000004, 6450)
[2019/10/25 13:44:27] [info] binlogsyncer.go:302 [info] register as slave success
[2019/10/25 13:44:27] [info] sync.go:25 start sync binlog at binlog file (mysql-bin.000004, 6450)
[2019/10/25 13:44:27] [info] binlogsyncer.go:778 rotate to (mysql-bin.000004, 6450)
[2019/10/25 13:44:27] [info] sync.go:73 received fake rotate event, next log name is mysql-bin.000004
[2019/10/25 13:44:42] [info] handler.go:235 *** products,_host_=192.168.56.20:3306,_collector_host_=wuqinchaodeMacBook-Air.local,_db_=test,_table_=products,_event_=update,name=cc count=2i,price=2.7 1571982282015614000
[2019/10/25 13:44:42] [info] uploader.go:264 enqueue ok
[2019/10/25 13:44:47] [info] uploader.go:236 time up send
[2019/10/25 13:44:47] [info] uploader.go:63 start SendData
[2019/10/25 13:44:47] [info] uploader.go:89 status code=200
[2019/10/25 13:45:15] [info] binlogsyncer.go:147 create BinlogSyncer with config {1739 mysql 192.168.56.20 3306 aaa     utf8 false false <nil> true UTC true 0 1m0s 1m30s 0 false false 0}
[2019/10/25 13:45:15] [info] binlog.go:378 server version: 5.5.64-MariaDB
[2019/10/25 13:45:15] [info] uploader.go:158 start uploader shards ...
[2019/10/25 13:45:15] [info] binlogsyncer.go:364 begin to sync binlog from position (mysql-bin.000004, 6667)
[2019/10/25 13:45:15] [info] binlogsyncer.go:302 [info] register as slave success
[2019/10/25 13:45:15] [info] sync.go:25 start sync binlog at binlog file (mysql-bin.000004, 6667)
[2019/10/25 13:45:15] [info] binlogsyncer.go:778 rotate to (mysql-bin.000004, 6667)
[2019/10/25 13:45:15] [info] sync.go:73 received fake rotate event, next log name is mysql-bin.000004
[2019/10/25 13:45:31] [info] handler.go:235 *** products,_host_=192.168.56.20:3306,_collector_host_=wuqinchaodeMacBook-Air.local,_db_=test,_table_=products,_event_=update,name=cc price=2.8,count=2i 1571982331285001000
[2019/10/25 13:45:31] [info] uploader.go:264 enqueue ok
[2019/10/25 13:45:35] [info] uploader.go:236 time up send
[2019/10/25 13:45:35] [info] uploader.go:63 start SendData
[2019/10/25 13:46:05] [error] uploader.go:297 sendSamples fail: Post http://10.100.3.4: dial tcp 10.100.3.4:80: i/o timeout
[2019/10/25 13:46:15] [info] uploader.go:210 [info] shard[1]: okNum=0, badNum=0, pendding=0
[2019/10/25 13:46:15] [info] uploader.go:210 [info] shard[0]: okNum=0, badNum=1, pendding=0
